#
# A fatal error has been detected by the Java Runtime Environment:
#
#  EXCEPTION_STACK_OVERFLOW (0xc00000fd) at pc=0x6400b9a3, pid=29472, tid=0x000046e4
#
# JRE version: Java(TM) SE Runtime Environment (8.0_191-b12) (build 1.8.0_191-b12)
# Java VM: Java HotSpot(TM) Client VM (25.191-b12 mixed mode windows-x86 )
# Problematic frame:
# C  [jSSC-2.8_x86.dll+0xb9a3]
#
# Failed to write core dump. Minidumps are not enabled by default on client versions of Windows
#
# If you would like to submit a bug report, please visit:
#   http://bugreport.java.com/bugreport/crash.jsp
# The crash happened outside the Java Virtual Machine in native code.
# See problematic frame for where to report the bug.
#

---------------  T H R E A D  ---------------

Current thread (0x285d6800):  JavaThread "EventThread COM4" [_thread_in_native, id=18148, stack(0x2a7b0000,0x2a800000)]

siginfo: ExceptionCode=0xc00000fd, ExceptionInformation=0x00000001 0x2a7b0150 

Registers:
EAX=0x00024b30, EBX=0x00e987d0, ECX=0x2a7b0150, EDX=0x00000000
ESP=0x2a7ff144, EBP=0x2a7ff1a8, ESI=0x285d6940, EDI=0x00e987e4
EIP=0x6400b9a3, EFLAGS=0x00010206

Top of Stack: (sp=0x2a7ff144)
0x2a7ff144:   00072b30 00000000 64001739 00000014
0x2a7ff154:   292c0350 00000001 00000004 00000000
0x2a7ff164:   00000001 00072b2a 00000001 09767f68
0x2a7ff174:   02b16790 00000f10 292c0350 0000000b
0x2a7ff184:   0000000b 24ebbb50 00000000 24e34268
0x2a7ff194:   00000000 2a7ff1c8 00000000 09e82648
0x2a7ff1a4:   285d6800 2a7ff1d8 02c1d025 285d6940
0x2a7ff1b4:   2a7ff1c4 00000f10 00000000 00072b2a 

Instructions: (pc=0x6400b9a3)
0x6400b983:   fd ff ff eb 91 90 90 90 90 90 90 90 90 51 50 3d
0x6400b993:   00 10 00 00 8d 4c 24 0c 72 15 81 e9 00 10 00 00
0x6400b9a3:   83 09 00 2d 00 10 00 00 3d 00 10 00 00 77 eb 29
0x6400b9b3:   c1 83 09 00 58 59 c3 90 90 8b 44 24 04 c7 00 ff 


Register to memory mapping:

EAX=0x00024b30 is an unknown value
EBX=0x00e987d0 is an unknown value
ECX=0x2a7b0150 is pointing into the stack for thread: 0x285d6800
EDX=0x00000000 is an unknown value
ESP=0x2a7ff144 is pointing into the stack for thread: 0x285d6800
EBP=0x2a7ff1a8 is pointing into the stack for thread: 0x285d6800
ESI=0x285d6940 is an unknown value
EDI=0x00e987e4 is an unknown value


Stack: [0x2a7b0000,0x2a800000],  sp=0x2a7ff144,  free space=316k
Native frames: (J=compiled Java code, j=interpreted, Vv=VM code, C=native code)
C  [jSSC-2.8_x86.dll+0xb9a3]
J 3672  jssc.SerialNativeInterface.readBytes(JI)[B (0 bytes) @ 0x02c1d025 [0x02c1cf90+0x95]
J 4764 C1 jssc.SerialPort$EventThread.run()V (84 bytes) @ 0x02d528b0 [0x02d52640+0x270]
v  ~StubRoutines::call_stub
V  [jvm.dll+0x15c315]
V  [jvm.dll+0x223ece]
V  [jvm.dll+0x15c3ae]
V  [jvm.dll+0x15c536]
V  [jvm.dll+0x15c5a7]
V  [jvm.dll+0x1002ef]
V  [jvm.dll+0x17f550]
V  [jvm.dll+0x17fdca]
V  [jvm.dll+0x1c57a6]
C  [msvcr100.dll+0x5c556]
C  [msvcr100.dll+0x5c600]
C  [KERNEL32.DLL+0x1fef9]
C  [ntdll.dll+0x67bbe]
C  [ntdll.dll+0x67b8e]
C  0x00000000

Java frames: (J=compiled Java code, j=interpreted, Vv=VM code)
J 3672  jssc.SerialNativeInterface.readBytes(JI)[B (0 bytes) @ 0x02c1cfe1 [0x02c1cf90+0x51]
J 4764 C1 jssc.SerialPort$EventThread.run()V (84 bytes) @ 0x02d528b0 [0x02d52640+0x270]
v  ~StubRoutines::call_stub

---------------  P R O C E S S  ---------------

Java Threads: ( => current thread )
=>0x285d6800 JavaThread "EventThread COM4" [_thread_in_native, id=18148, stack(0x2a7b0000,0x2a800000)]
  0x285d7800 JavaThread "JmDNS(LAPTOP-GOO3655A.local.).State.Timer" [_thread_blocked, id=30868, stack(0x2a420000,0x2a470000)]
  0x285d4c00 JavaThread "JmDNS(LAPTOP-GOO3655A.local.).Timer" daemon [_thread_blocked, id=14956, stack(0x2a390000,0x2a3e0000)]
  0x285d6c00 JavaThread "SocketListener(LAPTOP-GOO3655A.local.)" daemon [_thread_in_native, id=34812, stack(0x27d30000,0x27d80000)]
  0x285d9800 JavaThread "JmDNS(LAPTOP-GOO3655A.local.).State.Timer" [_thread_blocked, id=34588, stack(0x2a300000,0x2a350000)]
  0x285d8000 JavaThread "JmDNS(LAPTOP-GOO3655A.local.).Timer" daemon [_thread_blocked, id=34584, stack(0x2a270000,0x2a2c0000)]
  0x285d8c00 JavaThread "SocketListener(LAPTOP-GOO3655A.local.)" daemon [_thread_in_native, id=34580, stack(0x28ff0000,0x29040000)]
  0x285da400 JavaThread "JmDNS(LAPTOP-GOO3655A.local.).State.Timer" [_thread_blocked, id=34500, stack(0x04b60000,0x04bb0000)]
  0x285da000 JavaThread "JmDNS(LAPTOP-GOO3655A.local.).Timer" daemon [_thread_blocked, id=34496, stack(0x02780000,0x027d0000)]
  0x285d9400 JavaThread "SocketListener(LAPTOP-GOO3655A.local.)" daemon [_thread_in_native, id=34492, stack(0x025d0000,0x02620000)]
  0x285dac00 JavaThread "DestroyJavaVM" [_thread_blocked, id=30056, stack(0x02830000,0x02880000)]
  0x287c4400 JavaThread "TimerQueue" daemon [_thread_blocked, id=34412, stack(0x2b6c0000,0x2b710000)]
  0x287c2400 JavaThread "AWT-EventQueue-0" [_thread_in_native, id=34392, stack(0x2a1e0000,0x2a230000)]
  0x287c4800 JavaThread "AWT-Shutdown" [_thread_blocked, id=34388, stack(0x2a150000,0x2a1a0000)]
  0x287c3000 JavaThread "Batik CleanerThread" daemon [_thread_blocked, id=34372, stack(0x28e50000,0x28ea0000)]
  0x2879f400 JavaThread "JmDNS(10-1-19-66.local.).State.Timer" [_thread_blocked, id=34344, stack(0x27960000,0x279b0000)]
  0x2879ec00 JavaThread "JmDNS(10-1-19-66.local.).Timer" daemon [_thread_blocked, id=34340, stack(0x278d0000,0x27920000)]
  0x287af800 JavaThread "SocketListener(10-1-19-66.local.)" daemon [_thread_in_native, id=34336, stack(0x27430000,0x27480000)]
  0x285f7800 JavaThread "Multihomed mDNS.Timer" daemon [_thread_blocked, id=34312, stack(0x26bf0000,0x26c40000)]
  0x265dc000 JavaThread "cc.arduino.packages.discoverers.serial.SerialDiscovery" [_thread_blocked, id=34308, stack(0x272f0000,0x27340000)]
  0x267c9800 JavaThread "AWT-Windows" daemon [_thread_in_native, id=34164, stack(0x26c80000,0x26cd0000)]
  0x267c8000 JavaThread "Java2D Disposer" daemon [_thread_blocked, id=34156, stack(0x26b60000,0x26bb0000)]
  0x25d9ac00 JavaThread "Service Thread" daemon [_thread_blocked, id=29988, stack(0x26400000,0x26450000)]
  0x25d93000 JavaThread "C1 CompilerThread0" daemon [_thread_blocked, id=31324, stack(0x26370000,0x263c0000)]
  0x25d90c00 JavaThread "Attach Listener" daemon [_thread_blocked, id=30480, stack(0x262e0000,0x26330000)]
  0x25d7f000 JavaThread "Signal Dispatcher" daemon [_thread_blocked, id=19864, stack(0x26250000,0x262a0000)]
  0x25d7c800 JavaThread "Finalizer" daemon [_thread_blocked, id=7688, stack(0x260c0000,0x26110000)]
  0x25d76c00 JavaThread "Reference Handler" daemon [_thread_blocked, id=24064, stack(0x26030000,0x26080000)]

Other Threads:
  0x25d61000 VMThread [stack: 0x25fa0000,0x25ff0000] [id=21820]
  0x25d9e800 WatcherThread [stack: 0x26490000,0x264e0000] [id=17676]

VM state:not at safepoint (normal execution)

VM Mutex/Monitor currently owned by a thread: None

Heap:
 def new generation   total 84480K, used 40148K [0x04c00000, 0x0a7a0000, 0x0f6a0000)
  eden space 75136K,  49% used [0x04c00000, 0x07094968, 0x09560000)
  from space 9344K,  28% used [0x09e80000, 0x0a1207a8, 0x0a7a0000)
  to   space 9344K,   0% used [0x09560000, 0x09560000, 0x09e80000)
 tenured generation   total 187456K, used 103665K [0x0f6a0000, 0x1adb0000, 0x24c00000)
   the space 187456K,  55% used [0x0f6a0000, 0x15bdc488, 0x15bdc600, 0x1adb0000)
 Metaspace       used 25227K, capacity 25779K, committed 25984K, reserved 25984K

Card table byte_map: [0x24c00000,0x24d10000] byte_map_base: 0x24bda000

Polling page: 0x02550000

CodeCache: size=32768Kb used=2228Kb max_used=4905Kb free=30539Kb
 bounds [0x02a20000, 0x02ef0000, 0x04a20000]
 total_blobs=1440 nmethods=1140 adapters=228
 compilation: enabled

Compilation events (10 events):
Event: 2141.352 Thread 0x25d93000 nmethod 9312 0x02b61248 code [0x02b61340, 0x02b613dc]
Event: 2141.352 Thread 0x25d93000 9313             java.lang.String::indexOf (7 bytes)
Event: 2141.352 Thread 0x25d93000 nmethod 9313 0x02c7d348 code [0x02c7d450, 0x02c7d51c]
Event: 2141.352 Thread 0x25d93000 9314             java.lang.String::indexOf (25 bytes)
Event: 2141.352 Thread 0x25d93000 nmethod 9314 0x02bf8348 code [0x02bf8450, 0x02bf851c]
Event: 2141.352 Thread 0x25d93000 9315             java.util.Collections$SynchronizedCollection::<init> (21 bytes)
Event: 2141.353 Thread 0x25d93000 nmethod 9315 0x02bf8088 code [0x02bf8190, 0x02bf829c]
Event: 2141.353 Thread 0x25d93000 9316             java.lang.String::contains (20 bytes)
Event: 2141.353 Thread 0x25d93000 nmethod 9316 0x02bf7d08 code [0x02bf7e20, 0x02bf7f28]
Event: 2141.353 Thread 0x25d93000 9317             java.util.LinkedList::<init> (10 bytes)

GC Heap History (10 events):
Event: 1453.374 GC heap before
{Heap before GC invocations=21 (full 4):
 def new generation   total 84480K, used 78901K [0x04c00000, 0x0a7a0000, 0x0f6a0000)
  eden space 75136K, 100% used [0x04c00000, 0x09560000, 0x09560000)
  from space 9344K,  40% used [0x09560000, 0x0990d408, 0x09e80000)
  to   space 9344K,   0% used [0x09e80000, 0x09e80000, 0x0a7a0000)
 tenured generation   total 187456K, used 103665K [0x0f6a0000, 0x1adb0000, 0x24c00000)
   the space 187456K,  55% used [0x0f6a0000, 0x15bdc488, 0x15bdc600, 0x1adb0000)
 Metaspace       used 25227K, capacity 25779K, committed 25984K, reserved 25984K
Event: 1453.379 GC heap after
Heap after GC invocations=22 (full 4):
 def new generation   total 84480K, used 3715K [0x04c00000, 0x0a7a0000, 0x0f6a0000)
  eden space 75136K,   0% used [0x04c00000, 0x04c00000, 0x09560000)
  from space 9344K,  39% used [0x09e80000, 0x0a220d30, 0x0a7a0000)
  to   space 9344K,   0% used [0x09560000, 0x09560000, 0x09e80000)
 tenured generation   total 187456K, used 103665K [0x0f6a0000, 0x1adb0000, 0x24c00000)
   the space 187456K,  55% used [0x0f6a0000, 0x15bdc488, 0x15bdc600, 0x1adb0000)
 Metaspace       used 25227K, capacity 25779K, committed 25984K, reserved 25984K
}
Event: 1527.702 GC heap before
{Heap before GC invocations=22 (full 4):
 def new generation   total 84480K, used 78851K [0x04c00000, 0x0a7a0000, 0x0f6a0000)
  eden space 75136K, 100% used [0x04c00000, 0x09560000, 0x09560000)
  from space 9344K,  39% used [0x09e80000, 0x0a220d30, 0x0a7a0000)
  to   space 9344K,   0% used [0x09560000, 0x09560000, 0x09e80000)
 tenured generation   total 187456K, used 103665K [0x0f6a0000, 0x1adb0000, 0x24c00000)
   the space 187456K,  55% used [0x0f6a0000, 0x15bdc488, 0x15bdc600, 0x1adb0000)
 Metaspace       used 25227K, capacity 25779K, committed 25984K, reserved 25984K
Event: 1527.707 GC heap after
Heap after GC invocations=23 (full 4):
 def new generation   total 84480K, used 3715K [0x04c00000, 0x0a7a0000, 0x0f6a0000)
  eden space 75136K,   0% used [0x04c00000, 0x04c00000, 0x09560000)
  from space 9344K,  39% used [0x09560000, 0x09900d30, 0x09e80000)
  to   space 9344K,   0% used [0x09e80000, 0x09e80000, 0x0a7a0000)
 tenured generation   total 187456K, used 103665K [0x0f6a0000, 0x1adb0000, 0x24c00000)
   the space 187456K,  55% used [0x0f6a0000, 0x15bdc488, 0x15bdc600, 0x1adb0000)
 Metaspace       used 25227K, capacity 25779K, committed 25984K, reserved 25984K
}
Event: 1602.635 GC heap before
{Heap before GC invocations=23 (full 4):
 def new generation   total 84480K, used 78851K [0x04c00000, 0x0a7a0000, 0x0f6a0000)
  eden space 75136K, 100% used [0x04c00000, 0x09560000, 0x09560000)
  from space 9344K,  39% used [0x09560000, 0x09900d30, 0x09e80000)
  to   space 9344K,   0% used [0x09e80000, 0x09e80000, 0x0a7a0000)
 tenured generation   total 187456K, used 103665K [0x0f6a0000, 0x1adb0000, 0x24c00000)
   the space 187456K,  55% used [0x0f6a0000, 0x15bdc488, 0x15bdc600, 0x1adb0000)
 Metaspace       used 25227K, capacity 25779K, committed 25984K, reserved 25984K
Event: 1602.638 GC heap after
Heap after GC invocations=24 (full 4):
 def new generation   total 84480K, used 2691K [0x04c00000, 0x0a7a0000, 0x0f6a0000)
  eden space 75136K,   0% used [0x04c00000, 0x04c00000, 0x09560000)
  from space 9344K,  28% used [0x09e80000, 0x0a120f68, 0x0a7a0000)
  to   space 9344K,   0% used [0x09560000, 0x09560000, 0x09e80000)
 tenured generation   total 187456K, used 103665K [0x0f6a0000, 0x1adb0000, 0x24c00000)
   the space 187456K,  55% used [0x0f6a0000, 0x15bdc488, 0x15bdc600, 0x1adb0000)
 Metaspace       used 25227K, capacity 25779K, committed 25984K, reserved 25984K
}
Event: 1677.099 GC heap before
{Heap before GC invocations=24 (full 4):
 def new generation   total 84480K, used 77827K [0x04c00000, 0x0a7a0000, 0x0f6a0000)
  eden space 75136K, 100% used [0x04c00000, 0x09560000, 0x09560000)
  from space 9344K,  28% used [0x09e80000, 0x0a120f68, 0x0a7a0000)
  to   space 9344K,   0% used [0x09560000, 0x09560000, 0x09e80000)
 tenured generation   total 187456K, used 103665K [0x0f6a0000, 0x1adb0000, 0x24c00000)
   the space 187456K,  55% used [0x0f6a0000, 0x15bdc488, 0x15bdc600, 0x1adb0000)
 Metaspace       used 25227K, capacity 25779K, committed 25984K, reserved 25984K
Event: 1677.106 GC heap after
Heap after GC invocations=25 (full 4):
 def new generation   total 84480K, used 2686K [0x04c00000, 0x0a7a0000, 0x0f6a0000)
  eden space 75136K,   0% used [0x04c00000, 0x04c00000, 0x09560000)
  from space 9344K,  28% used [0x09560000, 0x097ffab8, 0x09e80000)
  to   space 9344K,   0% used [0x09e80000, 0x09e80000, 0x0a7a0000)
 tenured generation   total 187456K, used 103665K [0x0f6a0000, 0x1adb0000, 0x24c00000)
   the space 187456K,  55% used [0x0f6a0000, 0x15bdc488, 0x15bdc600, 0x1adb0000)
 Metaspace       used 25227K, capacity 25779K, committed 25984K, reserved 25984K
}
Event: 1750.869 GC heap before
{Heap before GC invocations=25 (full 4):
 def new generation   total 84480K, used 77822K [0x04c00000, 0x0a7a0000, 0x0f6a0000)
  eden space 75136K, 100% used [0x04c00000, 0x09560000, 0x09560000)
  from space 9344K,  28% used [0x09560000, 0x097ffab8, 0x09e80000)
  to   space 9344K,   0% used [0x09e80000, 0x09e80000, 0x0a7a0000)
 tenured generation   total 187456K, used 103665K [0x0f6a0000, 0x1adb0000, 0x24c00000)
   the space 187456K,  55% used [0x0f6a0000, 0x15bdc488, 0x15bdc600, 0x1adb0000)
 Metaspace       used 25227K, capacity 25779K, committed 25984K, reserved 25984K
Event: 1750.872 GC heap after
Heap after GC invocations=26 (full 4):
 def new generation   total 84480K, used 2689K [0x04c00000, 0x0a7a0000, 0x0f6a0000)
  eden space 75136K,   0% used [0x04c00000, 0x04c00000, 0x09560000)
  from space 9344K,  28% used [0x09e80000, 0x0a1207a8, 0x0a7a0000)
  to   space 9344K,   0% used [0x09560000, 0x09560000, 0x09e80000)
 tenured generation   total 187456K, used 103665K [0x0f6a0000, 0x1adb0000, 0x24c00000)
   the space 187456K,  55% used [0x0f6a0000, 0x15bdc488, 0x15bdc600, 0x1adb0000)
 Metaspace       used 25227K, capacity 25779K, committed 25984K, reserved 25984K
}

Deoptimization events (0 events):
No events

Classes redefined (0 events):
No events

Internal exceptions (10 events):
Event: 1316.701 Thread 0x285d3c00 Exception <a 'sun/nio/fs/WindowsException'> (0x05874bf8) thrown at [C:\workspace\8-2-build-windows-i586-cygwin\jdk8u191\11896\hotspot\src\share\vm\prims\jni.cpp, line 709]
Event: 1316.702 Thread 0x285d3c00 Exception <a 'sun/nio/fs/WindowsException'> (0x05875200) thrown at [C:\workspace\8-2-build-windows-i586-cygwin\jdk8u191\11896\hotspot\src\share\vm\prims\jni.cpp, line 709]
Event: 1316.708 Thread 0x285d3c00 Exception <a 'sun/nio/fs/WindowsException'> (0x0588a408) thrown at [C:\workspace\8-2-build-windows-i586-cygwin\jdk8u191\11896\hotspot\src\share\vm\prims\jni.cpp, line 709]
Event: 1316.708 Thread 0x285d3c00 Exception <a 'sun/nio/fs/WindowsException'> (0x0588aa28) thrown at [C:\workspace\8-2-build-windows-i586-cygwin\jdk8u191\11896\hotspot\src\share\vm\prims\jni.cpp, line 709]
Event: 1316.715 Thread 0x285d3c00 Exception <a 'sun/nio/fs/WindowsException'> (0x058bf800) thrown at [C:\workspace\8-2-build-windows-i586-cygwin\jdk8u191\11896\hotspot\src\share\vm\prims\jni.cpp, line 709]
Event: 1316.715 Thread 0x285d3c00 Exception <a 'sun/nio/fs/WindowsException'> (0x058bfe08) thrown at [C:\workspace\8-2-build-windows-i586-cygwin\jdk8u191\11896\hotspot\src\share\vm\prims\jni.cpp, line 709]
Event: 1316.721 Thread 0x285d3c00 Exception <a 'sun/nio/fs/WindowsException'> (0x058e8588) thrown at [C:\workspace\8-2-build-windows-i586-cygwin\jdk8u191\11896\hotspot\src\share\vm\prims\jni.cpp, line 709]
Event: 1316.722 Thread 0x285d3c00 Exception <a 'sun/nio/fs/WindowsException'> (0x058e8b40) thrown at [C:\workspace\8-2-build-windows-i586-cygwin\jdk8u191\11896\hotspot\src\share\vm\prims\jni.cpp, line 709]
Event: 1316.726 Thread 0x285d3c00 Exception <a 'sun/nio/fs/WindowsException'> (0x058fca50) thrown at [C:\workspace\8-2-build-windows-i586-cygwin\jdk8u191\11896\hotspot\src\share\vm\prims\jni.cpp, line 709]
Event: 1316.727 Thread 0x285d3c00 Exception <a 'sun/nio/fs/WindowsException'> (0x058fd030) thrown at [C:\workspace\8-2-build-windows-i586-cygwin\jdk8u191\11896\hotspot\src\share\vm\prims\jni.cpp, line 709]

Events (10 events):
Event: 1781.276 Thread 0x25d93000 flushing nmethod 0x02ee5948
Event: 1782.646 Thread 0x25d93000 flushing nmethod 0x02aedf48
Event: 1782.646 Thread 0x25d93000 flushing nmethod 0x02aeee48
Event: 1782.646 Thread 0x25d93000 flushing nmethod 0x02b148c8
Event: 1782.933 Thread 0x25d93000 flushing nmethod 0x02d36288
Event: 1782.933 Thread 0x25d93000 flushing nmethod 0x02de7348
Event: 1782.933 Thread 0x25d93000 flushing nmethod 0x02ee7208
Event: 1783.488 Thread 0x25d93000 flushing nmethod 0x02ac76c8
Event: 1783.634 Thread 0x25d93000 flushing nmethod 0x02b61248
Event: 1783.635 Thread 0x25d93000 flushing nmethod 0x02bfb908


Dynamic libraries:
0x00530000 - 0x00563000 	C:\Program Files (x86)\Arduino\java\bin\javaw.exe
0x77350000 - 0x774f4000 	C:\Windows\SYSTEM32\ntdll.dll
0x77250000 - 0x77340000 	C:\Windows\System32\KERNEL32.DLL
0x76a70000 - 0x76c8c000 	C:\Windows\System32\KERNELBASE.dll
0x769f0000 - 0x76a6b000 	C:\Windows\System32\ADVAPI32.dll
0x75a70000 - 0x75b2f000 	C:\Windows\System32\msvcrt.dll
0x75380000 - 0x753f6000 	C:\Windows\System32\sechost.dll
0x76d40000 - 0x76dfe000 	C:\Windows\System32\RPCRT4.dll
0x75b50000 - 0x75ced000 	C:\Windows\System32\USER32.dll
0x75900000 - 0x75918000 	C:\Windows\System32\win32u.dll
0x75400000 - 0x75423000 	C:\Windows\System32\GDI32.dll
0x76ef0000 - 0x76fd0000 	C:\Windows\System32\gdi32full.dll
0x755e0000 - 0x7565b000 	C:\Windows\System32\msvcp_win.dll
0x75430000 - 0x75550000 	C:\Windows\System32\ucrtbase.dll
0x6b5d0000 - 0x6b7e0000 	C:\Windows\WinSxS\x86_microsoft.windows.common-controls_6595b64144ccf1df_6.0.19041.1110_none_a8625c1886757984\COMCTL32.dll
0x756b0000 - 0x756d6000 	C:\Windows\System32\IMM32.DLL
0x5a4b0000 - 0x5a56f000 	C:\Program Files (x86)\Arduino\java\bin\msvcr100.dll
0x595f0000 - 0x599c3000 	C:\Program Files (x86)\Arduino\java\bin\client\jvm.dll
0x756e0000 - 0x756e6000 	C:\Windows\System32\PSAPI.DLL
0x74e90000 - 0x74e98000 	C:\Windows\SYSTEM32\VERSION.dll
0x750b0000 - 0x750b8000 	C:\Windows\SYSTEM32\WSOCK32.dll
0x72c20000 - 0x72c48000 	C:\Windows\SYSTEM32\WINMM.dll
0x75cf0000 - 0x75d53000 	C:\Windows\System32\WS2_32.dll
0x595c0000 - 0x595f0000 	C:\Program Files (x86)\Arduino\java\bin\splashscreen.dll
0x6e900000 - 0x6e974000 	C:\Windows\system32\uxtheme.dll
0x76fd0000 - 0x77250000 	C:\Windows\System32\combase.dll
0x5e280000 - 0x5e28c000 	C:\Program Files (x86)\Arduino\java\bin\verify.dll
0x59590000 - 0x595b2000 	C:\Program Files (x86)\Arduino\java\bin\java.dll
0x75210000 - 0x752e4000 	C:\Windows\System32\MSCTF.dll
0x75760000 - 0x757f6000 	C:\Windows\System32\OLEAUT32.dll
0x5ad10000 - 0x5ad24000 	C:\Program Files (x86)\Arduino\java\bin\zip.dll
0x74c80000 - 0x74c8f000 	C:\Windows\SYSTEM32\kernel.appcore.dll
0x75f80000 - 0x75fdf000 	C:\Windows\System32\bcryptPrimitives.dll
0x65020000 - 0x650d9000 	C:\Windows\SYSTEM32\textinputframework.dll
0x6af60000 - 0x6b1de000 	C:\Windows\System32\CoreUIComponents.dll
0x6b1e0000 - 0x6b27b000 	C:\Windows\System32\CoreMessaging.dll
0x759e0000 - 0x75a67000 	C:\Windows\System32\SHCORE.dll
0x72640000 - 0x72669000 	C:\Windows\SYSTEM32\ntmarta.dll
0x6d3b0000 - 0x6d48b000 	C:\Windows\SYSTEM32\wintypes.dll
0x76420000 - 0x769d6000 	C:\Windows\System32\SHELL32.dll
0x71530000 - 0x71b3c000 	C:\Windows\SYSTEM32\windows.storage.dll
0x71500000 - 0x71527000 	C:\Windows\SYSTEM32\Wldp.dll
0x75ed0000 - 0x75f15000 	C:\Windows\System32\shlwapi.dll
0x742f0000 - 0x74308000 	C:\Windows\SYSTEM32\profapi.dll
0x61940000 - 0x619b3000 	C:\Program Files (x86)\Arduino\lib\listSerialsj.dll
0x75fe0000 - 0x76414000 	C:\Windows\System32\SETUPAPI.dll
0x75700000 - 0x7573b000 	C:\Windows\System32\cfgmgr32.dll
0x75b30000 - 0x75b49000 	C:\Windows\System32\bcrypt.dll
0x59570000 - 0x5958d000 	C:\Program Files (x86)\Arduino\lib\jnidispatch-4.2.2-win32-x86.dll
0x76e00000 - 0x76ee3000 	C:\Windows\System32\Ole32.dll
0x59550000 - 0x59565000 	C:\Program Files (x86)\Arduino\java\bin\net.dll
0x74c90000 - 0x74ce2000 	C:\Windows\system32\mswsock.dll
0x5da70000 - 0x5da7f000 	C:\Program Files (x86)\Arduino\java\bin\nio.dll
0x59400000 - 0x59547000 	C:\Program Files (x86)\Arduino\java\bin\awt.dll
0x75010000 - 0x750b0000 	C:\Windows\SYSTEM32\apphelp.dll
0x6a5a0000 - 0x6a5c6000 	C:\Windows\system32\DWMAPI.DLL
0x593c0000 - 0x593f9000 	C:\Program Files (x86)\Arduino\java\bin\fontmanager.dll
0x681c0000 - 0x682c3000 	C:\Windows\system32\opengl32.dll
0x6e520000 - 0x6e55f000 	C:\Windows\SYSTEM32\GLU32.dll
0x59380000 - 0x593b2000 	C:\Program Files (x86)\Arduino\java\bin\t2k.dll
0x59370000 - 0x5937a000 	C:\Program Files (x86)\Arduino\java\bin\management.dll
0x74290000 - 0x742a1000 	C:\Windows\system32\napinsp.dll
0x72e60000 - 0x72e76000 	C:\Windows\system32\pnrpnsp.dll
0x72e50000 - 0x72e60000 	C:\Windows\system32\wshbth.dll
0x72e30000 - 0x72e46000 	C:\Windows\system32\NLAapi.dll
0x72df0000 - 0x72e22000 	C:\Windows\SYSTEM32\IPHLPAPI.DLL
0x72d60000 - 0x72df0000 	C:\Windows\SYSTEM32\DNSAPI.dll
0x756f0000 - 0x756f7000 	C:\Windows\System32\NSI.dll
0x72d50000 - 0x72d5e000 	C:\Windows\System32\winrnr.dll
0x72d20000 - 0x72d41000 	C:\Program Files (x86)\Bonjour\mdnsNSP.dll
0x72d10000 - 0x72d18000 	C:\Program Files (x86)\National Instruments\Shared\mDNS Responder\nimdnsNSP.dll
0x72d00000 - 0x72d0d000 	C:\Windows\SYSTEM32\nimdnsResponder.dll
0x59350000 - 0x59364000 	C:\Program Files (x86)\Arduino\java\bin\VCRUNTIME140.dll
0x72c50000 - 0x72ca9000 	C:\Windows\System32\fwpuclnt.dll
0x72cf0000 - 0x72cf8000 	C:\Windows\System32\rasadhlp.dll
0x72c00000 - 0x72c14000 	C:\Windows\SYSTEM32\dhcpcsvc6.DLL
0x74f60000 - 0x74f76000 	C:\Windows\SYSTEM32\dhcpcsvc.DLL
0x72730000 - 0x72743000 	C:\Windows\SYSTEM32\CRYPTSP.dll
0x72700000 - 0x7272f000 	C:\Windows\system32\rsaenh.dll
0x74e50000 - 0x74e75000 	C:\Windows\SYSTEM32\USERENV.dll
0x726f0000 - 0x726fa000 	C:\Windows\SYSTEM32\CRYPTBASE.dll
0x6fdd0000 - 0x6fdf4000 	C:\Windows\SYSTEM32\DEVOBJ.dll
0x75660000 - 0x756ad000 	C:\Windows\System32\WINTRUST.dll
0x75800000 - 0x758fa000 	C:\Windows\System32\CRYPT32.dll
0x742b0000 - 0x742be000 	C:\Windows\SYSTEM32\MSASN1.dll
0x59330000 - 0x59350000 	C:\Program Files (x86)\Arduino\java\bin\sunec.dll
0x59320000 - 0x59329000 	C:\Program Files (x86)\Arduino\java\bin\sunmscapi.dll
0x592b0000 - 0x59319000 	C:\Program Files (x86)\Arduino\msvcp100.dll
0x591f0000 - 0x592ae000 	C:\Program Files (x86)\Arduino\msvcr100.dll
0x280b0000 - 0x280e2000 	C:\Program Files (x86)\Arduino\lib\AStylej.dll
0x591c0000 - 0x591e4000 	C:\Program Files (x86)\Arduino\java\bin\dcpr.dll
0x752f0000 - 0x75373000 	C:\Windows\System32\clbcatq.dll
0x6aa50000 - 0x6abc1000 	C:\Windows\SYSTEM32\WindowsCodecs.dll
0x677c0000 - 0x677f1000 	C:\Windows\system32\dataexchange.dll
0x67470000 - 0x675d4000 	C:\Windows\system32\dcomp.dll
0x675e0000 - 0x677c0000 	C:\Windows\system32\d3d11.dll
0x6be70000 - 0x6bf32000 	C:\Windows\system32\dxgi.dll
0x6d490000 - 0x6d61f000 	C:\Windows\system32\twinapi.appcore.dll
0x6e570000 - 0x6e5c4000 	C:\Windows\system32\Ninput.dll
0x64000000 - 0x6401b000 	C:\Program Files (x86)\Arduino\lib\jSSC-2.8_x86.dll
0x66780000 - 0x669f3000 	C:\Windows\System32\uiautomationcore.dll
0x6dbb0000 - 0x6dc72000 	C:\Windows\System32\PROPSYS.dll
0x61110000 - 0x61163000 	C:\Windows\System32\OLEACC.dll
0x72a10000 - 0x72b98000 	C:\Windows\SYSTEM32\dbghelp.dll

VM Arguments:
jvm_args: -Dsun.java2d.d3d=false -Djna.nosys=true -Djna.nounpack=true -Djna.boot.library.name=jnidispatch-4.2.2-win32-x86 -Djna.boot.library.path=C:\Program Files (x86)\Arduino/lib -Djssc.library.path=C:\Program Files (x86)\Arduino/lib -DAPP_DIR=C:\Program Files (x86)\Arduino -Xms128M -Xmx512M -Dfile.encoding=UTF8 -Djava.net.preferIPv4Stack=true 
java_command: processing.app.Base C:\Users\Steffi labtop\My Drive\Skóli\Háskóli\Haust 2022\Hagnýttverkefni 3\toffstoff\Árni\Final project\Arduino_Current_sensing.ino\Arduino_Current_sensing.ino.ino
java_class_path (initial): C:\Program Files (x86)\Arduino\lib\apple.jar;C:\Program Files (x86)\Arduino\lib\arduino-core.jar;C:\Program Files (x86)\Arduino\lib\batik-1.8.jar;C:\Program Files (x86)\Arduino\lib\batik-anim-1.8.jar;C:\Program Files (x86)\Arduino\lib\batik-awt-util-1.8.jar;C:\Program Files (x86)\Arduino\lib\batik-bridge-1.8.jar;C:\Program Files (x86)\Arduino\lib\batik-codec-1.8.jar;C:\Program Files (x86)\Arduino\lib\batik-css-1.8.jar;C:\Program Files (x86)\Arduino\lib\batik-dom-1.8.jar;C:\Program Files (x86)\Arduino\lib\batik-ext-1.8.jar;C:\Program Files (x86)\Arduino\lib\batik-gvt-1.8.jar;C:\Program Files (x86)\Arduino\lib\batik-parser-1.8.jar;C:\Program Files (x86)\Arduino\lib\batik-rasterizer-1.8.jar;C:\Program Files (x86)\Arduino\lib\batik-script-1.8.jar;C:\Program Files (x86)\Arduino\lib\batik-squiggle-1.8.jar;C:\Program Files (x86)\Arduino\lib\batik-svg-dom-1.8.jar;C:\Program Files (x86)\Arduino\lib\batik-svgpp-1.8.jar;C:\Program Files (x86)\Arduino\lib\batik-transcoder-1.8.jar;C:\Program Files (x86)\Arduino\lib\batik-util-1.8.jar;C:\Program Files (x86)\Arduino\lib\batik-xml-1.8.jar;C:\Program Files (x86)\Arduino\lib\bcpg-jdk15on-152.jar;C:\Program Files (x86)\Arduino\lib\bcprov-jdk15on-152.jar;C:\Program Files (x86)\Arduino\lib\commons-codec-1.7.jar;C:\Program Files (x86)\Arduino\lib\commons-compress-1.8.jar;C:\Program Files (x86)\Arduino\lib\commons-exec-1.1.jar;C:\Program Files (x86)\Arduino\lib\commons-httpclient-3.1.jar;C:\Program Files (x86)\Arduino\lib\commons-lang3-3.8.1.jar;C:\Program Files (x86)\Arduino\lib\commons-logging-1.0.4.jar;C:\Program Files (x86)\Arduino\lib\commons-net-3.3.jar;C:\Program Files (x86)\Arduino\lib\commons-io-2.6.jar;C:\Program Files (x86)\Arduino\lib\jackson-annotations-2.9.5.jar;C:\Program Files (x86)\Arduino\lib\jackson-core-2.9.5.jar;C:\Program Files (x86)\Arduino\lib\jackson-databind-2.9.5.jar;C:\Program Files (x86)\Arduino\lib\java-semver-0.8.0.jar;C:\Program Files (x86)\Arduino\lib\jmdns-3.5.5.jar;C:\Program
Launcher Type: SUN_STANDARD

Environment Variables:
PATH=C:\Windows\system32;C:\Windows;C:\Windows\System32\Wbem;C:\Windows\System32\WindowsPowerShell\v1.0\;C:\Windows\System32\OpenSSH\;C:\Program Files (x86)\NVIDIA Corporation\PhysX\Common;C:\Program Files\PuTTY\;C:\Program Files\Microsoft VS Code\bin;C:\Program Files\WireGuard\;C:\Program Files\MATLAB\R2021a\bin;C:\Program Files\Git\cmd;C:\Program Files\NVIDIA Corporation\NVIDIA NvDLISR;C:\Program Files (x86)\Tailscale IPN;C:\Program Files\Microsoft SQL Server\Client SDK\ODBC\110\Tools\Binn\;C:\Program Files (x86)\Microsoft SQL Server\120\Tools\Binn\;C:\Program Files\Microsoft SQL Server\120\Tools\Binn\;C:\Program Files\Microsoft SQL Server\120\DTS\Binn\;C:\Program Files (x86)\Windows Kits\8.1\Windows Performance Toolkit\;C:\Users\Steffi labtop\AppData\Local\Programs\Python\Python310;C:\Users\Steffi labtop\AppData\Local\Programs\Python\Python310\Scripts;C:\Users\Steffi labtop\AppData\Local\Microsoft\WindowsApps;C:\Users\Steffi labtop\AppData\Local\GitHubDesktop\bin;C:\Program Files (x86)\Arduino\java\bin
USERNAME=Steffi labtop
OS=Windows_NT
PROCESSOR_IDENTIFIER=AMD64 Family 25 Model 80 Stepping 0, AuthenticAMD



---------------  S Y S T E M  ---------------

OS: Windows 10.0 , 64 bit Build 19041 (10.0.19041.2251)

CPU:total 16 (initial active 16) (16 cores per cpu, 1 threads per core) family 25 model 80 stepping 0, cmov, cx8, fxsr, mmx, sse, sse2, sse3, ssse3, sse4.1, sse4.2, popcnt, avx, avx2, aes, clmul, erms, mmxext, 3dnowpref, lzcnt, sse4a, tsc, tscinvbit, tscinv, bmi1

Memory: 4k page, physical 14528572k(4390288k free), swap 42840124k(22284616k free)

vm_info: Java HotSpot(TM) Client VM (25.191-b12) for windows-x86 JRE (1.8.0_191-b12), built on Oct  6 2018 08:34:23 by "java_re" with MS VC++ 10.0 (VS2010)

time: Fri Dec 02 12:35:17 2022
elapsed time: 2141 seconds (0d 0h 35m 41s)

